[LOG] System::create                           : Header version = 2.01.11. Current version = 2.01.11.
[LOG] Manager::init                            : maxchannels = 256 studioflags = 00000006 flags 00000000 extradriverdata 0000000000000000.
[LOG] SystemI::init                            : Initialize version=20111 (118066), maxchannels=256, flags=0x00020000
[LOG] SystemI::setOutputInternal               : Setting output to 'FMOD WASAPI Output'
[LOG] OutputWASAPI::init                       : Mix Format (WAVEFORMATEX): wFormatTag=0xFFFE, nChannels=2, nSamplesPerSec=48000, nAvgBytesPerSec=384000, nBlockAlign=8, wBitsPerSample=32, cbSize=22.
[LOG] OutputWASAPI::init                       : Mix Format (WAVEFORMATEXTENSIBLE): wValidBitsPerSample=32, dwChannelMask=0x00000003, SubFormat=00000003-0000-0010-8000-00AA00389B71.
[LOG] OutputWASAPI::init                       : Output buffer size: 4096 samples, latency: 0.00ms, period: 10.00ms, DSP buffer: 1024 * 4
[LOG] Thread::initThread                       : Init FMOD stream thread. Affinity: 0x8000000000000003, Priority: 0xFFFF7FFB, Stack Size: 98304, Semaphore: No, Sleep Time: 10, Looping: Yes.
[LOG] Thread::initThread                       : Init FMOD mixer thread. Affinity: 0x8000000000000001, Priority: 0xFFFF7FFA, Stack Size: 81920, Semaphore: No, Sleep Time: 0, Looping: Yes.
[LOG] AsyncManager::init                       : manager 00000214BFFE92B8 isAsync 0 updatePeriod 0.02
[LOG] AsyncManager::init                       : done
[LOG] PlaybackSystem::init                     : 
[LOG] Thread::initThread                       : Init FMOD Studio sample load thread. Affinity: 0x8000000000000003, Priority: 0xFFFF7FFD, Stack Size: 98304, Semaphore: No, Sleep Time: 1, Looping: No.
[LOG] PlaybackSystem::init                     : done
[LOG] Thread::initThread                       : Init FMOD Studio bank load thread. Affinity: 0x8000000000000003, Priority: 0xFFFF7FFD, Stack Size: 98304, Semaphore: No, Sleep Time: 1, Looping: No.
[LOG] Manager::init                            : done.
[LOG] Manager::readBank                        : fileversion = 135, compatVersion = 132 (oldest = 44, newest = 135)
[LOG] Manager::readBank                        : fileversion = 135, compatVersion = 132 (oldest = 44, newest = 135)
[LOG] Manager::readBank                        : fileversion = 135, compatVersion = 132 (oldest = 44, newest = 135)
[LOG] PlaybackSystem::acquireMasterBus         : Setting master channel group format to 6
[LOG] Manager::readBank                        : fileversion = 135, compatVersion = 132 (oldest = 44, newest = 135)
[LOG] Manager::readBank                        : fileversion = 135, compatVersion = 132 (oldest = 44, newest = 135)
[LOG] Manager::readBank                        : fileversion = 135, compatVersion = 132 (oldest = 44, newest = 135)
[LOG] PlaybackSystem::acquireMasterBus         : Setting master channel group format to 6
[LOG] SystemI::createSoundInternal             : Create name='', mode=0x02000202
[LOG] SystemI::createSoundInternal             : exinfo->cbsize             = 224
[LOG] SystemI::createSoundInternal             : exinfo->length             = 2583584
[LOG] SystemI::createSoundInternal             : exinfo->fileoffset         = 20352
[LOG] SystemI::createSoundInternal             : exinfo->numsubsounds       = 1
[LOG] SystemI::createSoundInternal             : exinfo->inclusionlist      = 0000005E0F12EFF8
[LOG] SystemI::createSoundInternal             : exinfo->inclusionlistnum   = 1
[LOG] SystemI::createSoundInternal             : exinfo->suggestedsoundtype = 5
[LOG] SystemI::createSoundInternal             : exinfo->useropen           = 00007FFBD5D160E0
[LOG] SystemI::createSoundInternal             : exinfo->userclose          = 00007FFBD5D160B0
[LOG] SystemI::createSoundInternal             : exinfo->userread           = 00007FFBD5D161B0
[LOG] SystemI::createSoundInternal             : exinfo->userseek           = 00007FFBD5D16270
[LOG] SystemI::createSoundInternal             : exinfo->fileuserdata       = 000002142A145E58
[LOG] SystemI::createSoundInternal             : exinfo->initialseekpostype = 1
[LOG] SystemI::DSPCodecPoolRegister            : register codec pool for pool type 5
[LOG] SystemI::createSoundInternal             : Sample 0/1: name='carhonk1', format=5, channels=1, frequency=48000, lengthbytes=5664, lengthpcm=29652, pcmblocksize=0, loopstart=0, loopend=0, mode=0x00000000, channelmask=0x00000000, channelorder=0, peakvolume=0.944061.
[LOG] SystemI::createSoundInternal             : Create name='', mode=0x02000202
[LOG] SystemI::createSoundInternal             : exinfo->cbsize             = 224
[LOG] SystemI::createSoundInternal             : exinfo->length             = 2583584
[LOG] SystemI::createSoundInternal             : exinfo->fileoffset         = 20352
[LOG] SystemI::createSoundInternal             : exinfo->numsubsounds       = 1
[LOG] SystemI::createSoundInternal             : exinfo->inclusionlist      = 0000005E0F12EFF8
[LOG] SystemI::createSoundInternal             : exinfo->inclusionlistnum   = 1
[LOG] SystemI::createSoundInternal             : exinfo->suggestedsoundtype = 5
[LOG] SystemI::createSoundInternal             : exinfo->useropen           = 00007FFBD5D160E0
[LOG] SystemI::createSoundInternal             : exinfo->userclose          = 00007FFBD5D160B0
[LOG] SystemI::createSoundInternal             : exinfo->userread           = 00007FFBD5D161B0
[LOG] SystemI::createSoundInternal             : exinfo->userseek           = 00007FFBD5D16270
[LOG] SystemI::createSoundInternal             : exinfo->fileuserdata       = 000002142A145E58
[LOG] SystemI::createSoundInternal             : exinfo->initialseekpostype = 1
[LOG] SystemI::DSPCodecPoolRegister            : register codec pool for pool type 5
[LOG] SystemI::createSoundInternal             : Sample 0/1: name='pigeoncall', format=5, channels=1, frequency=48000, lengthbytes=4704, lengthpcm=78232, pcmblocksize=0, loopstart=0, loopend=0, mode=0x00000000, channelmask=0x00000000, channelorder=0, peakvolume=0.944061.
[LOG] SystemI::createSoundInternal             : Create name='', mode=0x02000202
[LOG] SystemI::createSoundInternal             : exinfo->cbsize             = 224
[LOG] SystemI::createSoundInternal             : exinfo->length             = 2583584
[LOG] SystemI::createSoundInternal             : exinfo->fileoffset         = 20352
[LOG] SystemI::createSoundInternal             : exinfo->numsubsounds       = 1
[LOG] SystemI::createSoundInternal             : exinfo->inclusionlist      = 0000005E0F12EFF8
[LOG] SystemI::createSoundInternal             : exinfo->inclusionlistnum   = 1
[LOG] SystemI::createSoundInternal             : exinfo->suggestedsoundtype = 5
[LOG] SystemI::createSoundInternal             : exinfo->useropen           = 00007FFBD5D160E0
[LOG] SystemI::createSoundInternal             : exinfo->userclose          = 00007FFBD5D160B0
[LOG] SystemI::createSoundInternal             : exinfo->userread           = 00007FFBD5D161B0
[LOG] SystemI::createSoundInternal             : exinfo->userseek           = 00007FFBD5D16270
[LOG] SystemI::createSoundInternal             : exinfo->fileuserdata       = 000002142A145E58
[LOG] SystemI::createSoundInternal             : exinfo->initialseekpostype = 1
[LOG] SystemI::DSPCodecPoolRegister            : register codec pool for pool type 5
[LOG] SystemI::createSoundInternal             : Sample 0/1: name='taximan', format=5, channels=1, frequency=48000, lengthbytes=46208, lengthpcm=275920, pcmblocksize=0, loopstart=0, loopend=0, mode=0x00000000, channelmask=0x00000000, channelorder=0, peakvolume=0.944061.
[LOG] SystemI::createSoundInternal             : Create name='', mode=0x02000202
[LOG] SystemI::createSoundInternal             : exinfo->cbsize             = 224
[LOG] SystemI::createSoundInternal             : exinfo->length             = 2583584
[LOG] SystemI::createSoundInternal             : exinfo->fileoffset         = 20352
[LOG] SystemI::createSoundInternal             : exinfo->numsubsounds       = 1
[LOG] SystemI::createSoundInternal             : exinfo->inclusionlist      = 0000005E0F12EFF8
[LOG] SystemI::createSoundInternal             : exinfo->inclusionlistnum   = 1
[LOG] SystemI::createSoundInternal             : exinfo->suggestedsoundtype = 5
[LOG] SystemI::createSoundInternal             : exinfo->useropen           = 00007FFBD5D160E0
[LOG] SystemI::createSoundInternal             : exinfo->userclose          = 00007FFBD5D160B0
[LOG] SystemI::createSoundInternal             : exinfo->userread           = 00007FFBD5D161B0
[LOG] SystemI::createSoundInternal             : exinfo->userseek           = 00007FFBD5D16270
[LOG] SystemI::createSoundInternal             : exinfo->fileuserdata       = 000002142A145E58
[LOG] SystemI::createSoundInternal             : exinfo->initialseekpostype = 1
[LOG] SystemI::DSPCodecPoolRegister            : register codec pool for pool type 5
[LOG] SystemI::createSoundInternal             : Sample 0/1: name='pigeonflight', format=5, channels=1, frequency=48000, lengthbytes=32064, lengthpcm=176017, pcmblocksize=0, loopstart=0, loopend=0, mode=0x00000000, channelmask=0x00000000, channelorder=0, peakvolume=0.944061.
[LOG] SystemI::createSound                     : filename = ../../Emitters/Build/Desktop/Master.bank : mode 02010082
[LOG] SystemI::createSound                     : FMOD_NONBLOCKING specified.  Putting into queue to be opened asynchronously!
[LOG] Thread::initThread                       : Init FMOD nonblocking thread (0). Affinity: 0x8000000000000003, Priority: 0xFFFF7FFC, Stack Size: 114688, Semaphore: Yes, Sleep Time: 0, Looping: Yes.
[LOG] SystemI::createSound                     : setdata soundi = 0000021454690968 : node = 000002143358B280
[LOG] SystemI::createSound                     : add node to async list : head = 00000214BF9EC648.  list count = 0
[LOG] AsyncThread::threadFunc                  : Starting Asynchronous operation on sound 0000021454690968
[LOG] SystemI::createSoundInternal             :     Create name='../../Emitters/Build/Desktop/Master.bank', mode=0x02010082
[LOG] SystemI::createSoundInternal             :     exinfo->cbsize             = 224
[LOG] SystemI::createSoundInternal             :     exinfo->length             = 2583584
[LOG] SystemI::createSoundInternal             :     exinfo->fileoffset         = 20352
[LOG] SystemI::createSoundInternal             :     exinfo->numsubsounds       = 1
[LOG] SystemI::createSoundInternal             :     exinfo->inclusionlist      = 000002143358B390
[LOG] SystemI::createSoundInternal             :     exinfo->inclusionlistnum   = 1
[LOG] SystemI::createSoundInternal             :     exinfo->suggestedsoundtype = 5
[LOG] SystemI::createSoundInternal             :     exinfo->initialseekpostype = 1
[LOG] SystemI::createSoundInternal             :     Stream 0/1: name='street-loop', format=5, channels=2, frequency=48000, lengthbytes=416576, lengthpcm=2138136, pcmblocksize=0, loopstart=0, loopend=0, mode=0x00000000, channelmask=0x00000000, channelorder=0, peakvolume=0.268835.
[LOG] Thread::initThread                       :     Init FMOD file thread. Affinity: 0x8000000000000003, Priority: 0xFFFF7FFC, Stack Size: 65536, Semaphore: No, Sleep Time: 10, Looping: Yes.
[LOG] AsyncThread::threadFunc                  : Finished Asynchronous operation on sound 0000021454690968
[LOG] SystemI::createSound                     : filename = ../../Emitters/Build/Desktop/Master.bank : mode 02010082
[LOG] SystemI::createSound                     : FMOD_NONBLOCKING specified.  Putting into queue to be opened asynchronously!
[LOG] SystemI::createSound                     : setdata soundi = 0000021454691A48 : node = 000002143358AEC0
[LOG] SystemI::createSound                     : add node to async list : head = 00000214BF9EC648.  list count = 0
[LOG] AsyncThread::threadFunc                  : Starting Asynchronous operation on sound 0000021454691A48
[LOG] SystemI::createSoundInternal             :     Create name='../../Emitters/Build/Desktop/Master.bank', mode=0x02010082
[LOG] SystemI::createSoundInternal             :     exinfo->cbsize             = 224
[LOG] SystemI::createSoundInternal             :     exinfo->length             = 2583584
[LOG] SystemI::createSoundInternal             :     exinfo->fileoffset         = 20352
[LOG] SystemI::createSoundInternal             :     exinfo->numsubsounds       = 1
[LOG] SystemI::createSoundInternal             :     exinfo->inclusionlist      = 000002143358AFD0
[LOG] SystemI::createSoundInternal             :     exinfo->inclusionlistnum   = 1
[LOG] SystemI::createSoundInternal             :     exinfo->suggestedsoundtype = 5
[LOG] SystemI::createSoundInternal             :     exinfo->initialseekpostype = 1
[LOG] SystemI::createSoundInternal             :     Stream 0/1: name='street-loop', format=5, channels=2, frequency=48000, lengthbytes=416576, lengthpcm=2138136, pcmblocksize=0, loopstart=0, loopend=0, mode=0x00000000, channelmask=0x00000000, channelorder=0, peakvolume=0.268835.
[LOG] AsyncThread::threadFunc                  : Finished Asynchronous operation on sound 0000021454691A48
[LOG] SystemI::createSound                     : filename = ../../Emitters/Build/Desktop/Master.bank : mode 02010082
[LOG] SystemI::createSound                     : FMOD_NONBLOCKING specified.  Putting into queue to be opened asynchronously!
[LOG] SystemI::createSound                     : setdata soundi = 000002142374C318 : node = 000002143358B000
[LOG] SystemI::createSound                     : add node to async list : head = 00000214BF9EC648.  list count = 0
[LOG] AsyncThread::threadFunc                  : Starting Asynchronous operation on sound 000002142374C318
[LOG] SystemI::createSoundInternal             :     Create name='../../Emitters/Build/Desktop/Master.bank', mode=0x02010082
[LOG] SystemI::createSoundInternal             :     exinfo->cbsize             = 224
[LOG] SystemI::createSoundInternal             :     exinfo->length             = 2583584
[LOG] SystemI::createSound                     :     filename = ../../Emitters/Build/Desktop/Master.bank : mode 02010082
[LOG] SystemI::createSoundInternal             :     exinfo->fileoffset         = 20352
[LOG] SystemI::createSound                     :     FMOD_NONBLOCKING specified.  Putting into queue to be opened asynchronously!
[LOG] SystemI::createSoundInternal             :     exinfo->numsubsounds       = 1
[LOG] SystemI::createSound                     :     setdata soundi = 00000214336E75A8 : node = 000002142F734320
[LOG] SystemI::createSoundInternal             :     exinfo->inclusionlist      = 000002143358B110
[LOG] SystemI::createSound                     :     add node to async list : head = 00000214BF9EC648.  list count = 0
[LOG] SystemI::createSoundInternal             :     exinfo->inclusionlistnum   = 1
[LOG] SystemI::createSoundInternal             :     exinfo->suggestedsoundtype = 5
[LOG] SystemI::createSoundInternal             :     exinfo->initialseekpostype = 1
[LOG] SoundI::release                          :     street-loop (0000021454690968)
[LOG] SoundI::release                          :         street-loop (000002142E8466F8)
[LOG] SoundI::release                          :         street-loop (0000021454690458)
[LOG] SystemI::createSoundInternal             :     Stream 0/1: name='street-loop', format=5, channels=2, frequency=48000, lengthbytes=416576, lengthpcm=2138136, pcmblocksize=0, loopstart=0, loopend=0, mode=0x00000000, channelmask=0x00000000, channelorder=0, peakvolume=0.268835.
[LOG] AsyncThread::threadFunc                  : Finished Asynchronous operation on sound 000002142374C318
[LOG] AsyncThread::threadFunc                  : Starting Asynchronous operation on sound 00000214336E75A8
[LOG] SystemI::createSoundInternal             :     Create name='../../Emitters/Build/Desktop/Master.bank', mode=0x02010082
[LOG] SystemI::createSoundInternal             :     exinfo->cbsize             = 224
[LOG] SystemI::createSoundInternal             :     exinfo->length             = 2583584
[LOG] SystemI::createSoundInternal             :     exinfo->fileoffset         = 20352
[LOG] SystemI::createSoundInternal             :     exinfo->numsubsounds       = 1
[LOG] SystemI::createSoundInternal             :     exinfo->inclusionlist      = 000002142F734430
[LOG] SystemI::createSoundInternal             :     exinfo->inclusionlistnum   = 1
[LOG] SystemI::createSoundInternal             :     exinfo->suggestedsoundtype = 5
[LOG] SystemI::createSoundInternal             :     exinfo->initialseekpostype = 1
[LOG] SystemI::createSoundInternal             :     Stream 0/1: name='street-loop', format=5, channels=2, frequency=48000, lengthbytes=416576, lengthpcm=2138136, pcmblocksize=0, loopstart=0, loopend=0, mode=0x00000000, channelmask=0x00000000, channelorder=0, peakvolume=0.268835.
[LOG] AsyncThread::threadFunc                  : Finished Asynchronous operation on sound 00000214336E75A8
[LOG] SoundI::release                          : street-loop (000002142374C318)
[LOG] SoundI::release                          :     street-loop (000002142E8466F8)
[LOG] SoundI::release                          :     street-loop (00000214546902A8)
[LOG] SoundI::release                          : street-loop (0000021454691A48)
[LOG] SoundI::release                          :     street-loop (000002142E846BD8)
[LOG] SoundI::release                          :     street-loop (000002142374D908)
[LOG] SystemI::createSound                     : filename = ../../Emitters/Build/Desktop/Master.bank : mode 02010082
[LOG] SystemI::createSound                     : FMOD_NONBLOCKING specified.  Putting into queue to be opened asynchronously!
[LOG] SystemI::createSound                     : setdata soundi = 00000214546902A8 : node = 000002142F734460
[LOG] SystemI::createSound                     : add node to async list : head = 00000214BF9EC648.  list count = 0
[LOG] AsyncThread::threadFunc                  : Starting Asynchronous operation on sound 00000214546902A8
[LOG] SystemI::createSoundInternal             :     Create name='../../Emitters/Build/Desktop/Master.bank', mode=0x02010082
[LOG] SystemI::createSoundInternal             :     exinfo->cbsize             = 224
[LOG] SystemI::createSoundInternal             :     exinfo->length             = 2583584
[LOG] SystemI::createSoundInternal             :     exinfo->fileoffset         = 20352
[LOG] SystemI::createSoundInternal             :     exinfo->numsubsounds       = 1
[LOG] SystemI::createSoundInternal             :     exinfo->inclusionlist      = 000002142F734570
[LOG] SystemI::createSoundInternal             :     exinfo->inclusionlistnum   = 1
[LOG] SystemI::createSoundInternal             :     exinfo->suggestedsoundtype = 5
[LOG] SystemI::createSoundInternal             :     exinfo->initialseekpostype = 1
[LOG] SystemI::createSoundInternal             :     Stream 0/1: name='street-loop', format=5, channels=2, frequency=48000, lengthbytes=416576, lengthpcm=2138136, pcmblocksize=0, loopstart=0, loopend=0, mode=0x00000000, channelmask=0x00000000, channelorder=0, peakvolume=0.268835.
[LOG] AsyncThread::threadFunc                  : Finished Asynchronous operation on sound 00000214546902A8
[LOG] SoundI::release                          : street-loop (00000214546902A8)
[LOG] SoundI::release                          :     street-loop (000002143317DB18)
[LOG] SoundI::release                          :     street-loop (0000021454690968)
[LOG] SystemI::createSound                     : filename = ../../Emitters/Build/Desktop/Master.bank : mode 02010082
[LOG] SystemI::createSound                     : FMOD_NONBLOCKING specified.  Putting into queue to be opened asynchronously!
[LOG] SystemI::createSound                     : setdata soundi = 00000214546902A8 : node = 000002142F734D20
[LOG] SystemI::createSound                     : add node to async list : head = 00000214BF9EC648.  list count = 0
[LOG] AsyncThread::threadFunc                  : Starting Asynchronous operation on sound 00000214546902A8
[LOG] SystemI::createSoundInternal             :     Create name='../../Emitters/Build/Desktop/Master.bank', mode=0x02010082
[LOG] SystemI::createSoundInternal             :     exinfo->cbsize             = 224
[LOG] SystemI::createSoundInternal             :     exinfo->length             = 2583584
[LOG] SystemI::createSoundInternal             :     exinfo->fileoffset         = 20352
[LOG] SystemI::createSoundInternal             :     exinfo->numsubsounds       = 1
[LOG] SystemI::createSoundInternal             :     exinfo->inclusionlist      = 000002142F734E30
[LOG] SystemI::createSoundInternal             :     exinfo->inclusionlistnum   = 1
[LOG] SystemI::createSoundInternal             :     exinfo->suggestedsoundtype = 5
[LOG] SystemI::createSoundInternal             :     exinfo->initialseekpostype = 1
[LOG] SystemI::createSoundInternal             :     Stream 0/1: name='street-loop', format=5, channels=2, frequency=48000, lengthbytes=416576, lengthpcm=2138136, pcmblocksize=0, loopstart=0, loopend=0, mode=0x00000000, channelmask=0x00000000, channelorder=0, peakvolume=0.268835.
[LOG] AsyncThread::threadFunc                  : Finished Asynchronous operation on sound 00000214546902A8
[LOG] SoundI::release                          : street-loop (00000214336E75A8)
[LOG] SoundI::release                          :     street-loop (000002143317D158)
[LOG] SoundI::release                          :     street-loop (0000021454690458)
[LOG] SystemI::createSoundInternal             : Create name='', mode=0x02000202
[LOG] SystemI::createSoundInternal             : exinfo->cbsize             = 224
[LOG] SystemI::createSoundInternal             : exinfo->length             = 2583584
[LOG] SystemI::createSoundInternal             : exinfo->fileoffset         = 20352
[LOG] SystemI::createSoundInternal             : exinfo->numsubsounds       = 1
[LOG] SystemI::createSoundInternal             : exinfo->inclusionlist      = 0000005E0F12EFF8
[LOG] SystemI::createSoundInternal             : exinfo->inclusionlistnum   = 1
[LOG] SystemI::createSoundInternal             : exinfo->suggestedsoundtype = 5
[LOG] SystemI::createSoundInternal             : exinfo->useropen           = 00007FFBD5D160E0
[LOG] SystemI::createSoundInternal             : exinfo->userclose          = 00007FFBD5D160B0
[LOG] SystemI::createSoundInternal             : exinfo->userread           = 00007FFBD5D161B0
[LOG] SystemI::createSoundInternal             : exinfo->userseek           = 00007FFBD5D16270
[LOG] SystemI::createSoundInternal             : exinfo->fileuserdata       = 000002142A142AC8
[LOG] SystemI::createSoundInternal             : exinfo->initialseekpostype = 1
[LOG] SystemI::DSPCodecPoolRegister            : register codec pool for pool type 5
[LOG] SystemI::createSoundInternal             : Sample 0/1: name='wood-debris1', format=5, channels=1, frequency=48000, lengthbytes=5792, lengthpcm=30963, pcmblocksize=0, loopstart=0, loopend=0, mode=0x00000000, channelmask=0x00000000, channelorder=0, peakvolume=0.898254.
[LOG] SystemI::createSoundInternal             : Create name='', mode=0x02000202
[LOG] SystemI::createSoundInternal             : exinfo->cbsize             = 224
[LOG] SystemI::createSoundInternal             : exinfo->length             = 2583584
[LOG] SystemI::createSoundInternal             : exinfo->fileoffset         = 20352
[LOG] SystemI::createSoundInternal             : exinfo->numsubsounds       = 1
[LOG] SystemI::createSoundInternal             : exinfo->inclusionlist      = 0000005E0F12EFF8
[LOG] SystemI::createSoundInternal             : exinfo->inclusionlistnum   = 1
[LOG] SystemI::createSoundInternal             : exinfo->suggestedsoundtype = 5
[LOG] SystemI::createSoundInternal             : exinfo->useropen           = 00007FFBD5D160E0
[LOG] SystemI::createSoundInternal             : exinfo->userclose          = 00007FFBD5D160B0
[LOG] SystemI::createSoundInternal             : exinfo->userread           = 00007FFBD5D161B0
[LOG] SystemI::createSoundInternal             : exinfo->userseek           = 00007FFBD5D16270
[LOG] SystemI::createSoundInternal             : exinfo->fileuserdata       = 000002142A142AC8
[LOG] SystemI::createSoundInternal             : exinfo->initialseekpostype = 1
[LOG] SystemI::DSPCodecPoolRegister            : register codec pool for pool type 5
[LOG] SystemI::createSoundInternal             : Sample 0/1: name='Crate-hit_mixdown', format=5, channels=1, frequency=48000, lengthbytes=7488, lengthpcm=33082, pcmblocksize=0, loopstart=0, loopend=0, mode=0x00000000, channelmask=0x00000000, channelorder=0, peakvolume=0.944061.
[LOG] SystemI::createSoundInternal             : Create name='', mode=0x02000202
[LOG] SystemI::createSoundInternal             : exinfo->cbsize             = 224
[LOG] SystemI::createSoundInternal             : exinfo->length             = 2583584
[LOG] SystemI::createSoundInternal             : exinfo->fileoffset         = 20352
[LOG] SystemI::createSoundInternal             : exinfo->numsubsounds       = 1
[LOG] SystemI::createSoundInternal             : exinfo->inclusionlist      = 0000005E0F12EFF8
[LOG] SystemI::createSoundInternal             : exinfo->inclusionlistnum   = 1
[LOG] SystemI::createSoundInternal             : exinfo->suggestedsoundtype = 5
[LOG] SystemI::createSoundInternal             : exinfo->useropen           = 00007FFBD5D160E0
[LOG] SystemI::createSoundInternal             : exinfo->userclose          = 00007FFBD5D160B0
[LOG] SystemI::createSoundInternal             : exinfo->userread           = 00007FFBD5D161B0
[LOG] SystemI::createSoundInternal             : exinfo->userseek           = 00007FFBD5D16270
[LOG] SystemI::createSoundInternal             : exinfo->fileuserdata       = 000002142A142AC8
[LOG] SystemI::createSoundInternal             : exinfo->initialseekpostype = 1
[LOG] SystemI::DSPCodecPoolRegister            : register codec pool for pool type 5
[LOG] SystemI::createSoundInternal             : Sample 0/1: name='wood-debrsi2', format=5, channels=1, frequency=48000, lengthbytes=10624, lengthpcm=55100, pcmblocksize=0, loopstart=0, loopend=0, mode=0x00000000, channelmask=0x00000000, channelorder=0, peakvolume=0.999847.
[LOG] SystemI::createSoundInternal             : Create name='', mode=0x02000202
[LOG] SystemI::createSoundInternal             : exinfo->cbsize             = 224
[LOG] SystemI::createSoundInternal             : exinfo->length             = 2583584
[LOG] SystemI::createSoundInternal             : exinfo->fileoffset         = 20352
[LOG] SystemI::createSoundInternal             : exinfo->numsubsounds       = 1
[LOG] SystemI::createSoundInternal             : exinfo->inclusionlist      = 0000005E0F12EFF8
[LOG] SystemI::createSoundInternal             : exinfo->inclusionlistnum   = 1
[LOG] SystemI::createSoundInternal             : exinfo->suggestedsoundtype = 5
[LOG] SystemI::createSoundInternal             : exinfo->useropen           = 00007FFBD5D160E0
[LOG] SystemI::createSoundInternal             : exinfo->userclose          = 00007FFBD5D160B0
[LOG] SystemI::createSoundInternal             : exinfo->userread           = 00007FFBD5D161B0
[LOG] SystemI::createSoundInternal             : exinfo->userseek           = 00007FFBD5D16270
[LOG] SystemI::createSoundInternal             : exinfo->fileuserdata       = 000002142A1449B8
[LOG] SystemI::createSoundInternal             : exinfo->initialseekpostype = 1
[LOG] SystemI::DSPCodecPoolRegister            : register codec pool for pool type 5
[LOG] SystemI::createSoundInternal             : Sample 0/1: name='G421_SnapHit', format=5, channels=1, frequency=48000, lengthbytes=3968, lengthpcm=15955, pcmblocksize=0, loopstart=0, loopend=0, mode=0x00000000, channelmask=0x00000000, channelorder=0, peakvolume=0.944061.
[LOG] SystemI::createSoundInternal             : Create name='', mode=0x02000202
[LOG] SystemI::createSoundInternal             : exinfo->cbsize             = 224
[LOG] SystemI::createSoundInternal             : exinfo->length             = 2583584
[LOG] SystemI::createSoundInternal             : exinfo->fileoffset         = 20352
[LOG] SystemI::createSoundInternal             : exinfo->numsubsounds       = 1
[LOG] SystemI::createSoundInternal             : exinfo->inclusionlist      = 0000005E0F12EFF8
[LOG] SystemI::createSoundInternal             : exinfo->inclusionlistnum   = 1
[LOG] SystemI::createSoundInternal             : exinfo->suggestedsoundtype = 5
[LOG] SystemI::createSoundInternal             : exinfo->useropen           = 00007FFBD5D160E0
[LOG] SystemI::createSoundInternal             : exinfo->userclose          = 00007FFBD5D160B0
[LOG] SystemI::createSoundInternal             : exinfo->userread           = 00007FFBD5D161B0
[LOG] SystemI::createSoundInternal             : exinfo->userseek           = 00007FFBD5D16270
[LOG] SystemI::createSoundInternal             : exinfo->fileuserdata       = 000002142A1449B8
[LOG] SystemI::createSoundInternal             : exinfo->initialseekpostype = 1
[LOG] SystemI::DSPCodecPoolRegister            : register codec pool for pool type 5
[LOG] SystemI::createSoundInternal             : Sample 0/1: name='rattle', format=5, channels=1, frequency=48000, lengthbytes=6368, lengthpcm=21315, pcmblocksize=0, loopstart=0, loopend=0, mode=0x00000000, channelmask=0x00000000, channelorder=0, peakvolume=0.944061.
[LOG] SystemI::createSound                     : filename = ../../Emitters/Build/Desktop/Master.bank : mode 02010082
[LOG] SystemI::createSound                     : FMOD_NONBLOCKING specified.  Putting into queue to be opened asynchronously!
[LOG] SystemI::createSound                     : setdata soundi = 000002142374DAB8 : node = 000002142F7345A0
[LOG] SystemI::createSound                     : add node to async list : head = 00000214BF9EC648.  list count = 0
[LOG] AsyncThread::threadFunc                  : Starting Asynchronous operation on sound 000002142374DAB8
[LOG] SystemI::createSoundInternal             :     Create name='../../Emitters/Build/Desktop/Master.bank', mode=0x02010082
[LOG] SystemI::createSoundInternal             :     exinfo->cbsize             = 224
[LOG] SystemI::createSoundInternal             :     exinfo->length             = 2583584
[LOG] SystemI::createSoundInternal             :     exinfo->fileoffset         = 20352
[LOG] SystemI::createSoundInternal             :     exinfo->numsubsounds       = 1
[LOG] SystemI::createSoundInternal             :     exinfo->inclusionlist      = 000002142F7346B0
[LOG] SystemI::createSoundInternal             :     exinfo->inclusionlistnum   = 1
[LOG] SystemI::createSoundInternal             :     exinfo->suggestedsoundtype = 5
[LOG] SystemI::createSoundInternal             :     exinfo->initialseekpostype = 1
[LOG] SystemI::createSoundInternal             :     Stream 0/1: name='street-loop', format=5, channels=2, frequency=48000, lengthbytes=416576, lengthpcm=2138136, pcmblocksize=0, loopstart=0, loopend=0, mode=0x00000000, channelmask=0x00000000, channelorder=0, peakvolume=0.268835.
[LOG] AsyncThread::threadFunc                  : Finished Asynchronous operation on sound 000002142374DAB8
[LOG] SoundI::release                          : street-loop (00000214546902A8)
[LOG] SoundI::release                          :     street-loop (000002143317DB18)
[LOG] SoundI::release                          :     street-loop (0000021454685EF8)
[LOG] SystemI::createSoundInternal             : Create name='', mode=0x02000202
[LOG] SystemI::createSoundInternal             : exinfo->cbsize             = 224
[LOG] SystemI::createSoundInternal             : exinfo->length             = 2583584
[LOG] SystemI::createSoundInternal             : exinfo->fileoffset         = 20352
[LOG] SystemI::createSoundInternal             : exinfo->numsubsounds       = 1
[LOG] SystemI::createSoundInternal             : exinfo->inclusionlist      = 0000005E0F12EFF8
[LOG] SystemI::createSoundInternal             : exinfo->inclusionlistnum   = 1
[LOG] SystemI::createSoundInternal             : exinfo->suggestedsoundtype = 5
[LOG] SystemI::createSoundInternal             : exinfo->useropen           = 00007FFBD5D160E0
[LOG] SystemI::createSoundInternal             : exinfo->userclose          = 00007FFBD5D160B0
[LOG] SystemI::createSoundInternal             : exinfo->userread           = 00007FFBD5D161B0
[LOG] SystemI::createSoundInternal             : exinfo->userseek           = 00007FFBD5D16270
[LOG] SystemI::createSoundInternal             : exinfo->fileuserdata       = 000002142A2F4038
[LOG] SystemI::createSoundInternal             : exinfo->initialseekpostype = 1
[LOG] SystemI::DSPCodecPoolRegister            : register codec pool for pool type 5
[LOG] SystemI::createSoundInternal             : Sample 0/1: name='bubbling2', format=5, channels=1, frequency=48000, lengthbytes=18208, lengthpcm=88031, pcmblocksize=0, loopstart=0, loopend=0, mode=0x00000000, channelmask=0x00000000, channelorder=0, peakvolume=0.944061.
[LOG] SystemI::createSoundInternal             : Create name='', mode=0x02000202
[LOG] SystemI::createSoundInternal             : exinfo->cbsize             = 224
[LOG] SystemI::createSoundInternal             : exinfo->length             = 2583584
[LOG] SystemI::createSoundInternal             : exinfo->fileoffset         = 20352
[LOG] SystemI::createSoundInternal             : exinfo->numsubsounds       = 1
[LOG] SystemI::createSoundInternal             : exinfo->inclusionlist      = 0000005E0F12EFF8
[LOG] SystemI::createSoundInternal             : exinfo->inclusionlistnum   = 1
[LOG] SystemI::createSoundInternal             : exinfo->suggestedsoundtype = 5
[LOG] SystemI::createSoundInternal             : exinfo->useropen           = 00007FFBD5D160E0
[LOG] SystemI::createSoundInternal             : exinfo->userclose          = 00007FFBD5D160B0
[LOG] SystemI::createSoundInternal             : exinfo->userread           = 00007FFBD5D161B0
[LOG] SystemI::createSoundInternal             : exinfo->userseek           = 00007FFBD5D16270
[LOG] SystemI::createSoundInternal             : exinfo->fileuserdata       = 000002142A2F4038
[LOG] SystemI::createSoundInternal             : exinfo->initialseekpostype = 1
[LOG] SystemI::DSPCodecPoolRegister            : register codec pool for pool type 5
[LOG] SystemI::createSoundInternal             : Sample 0/1: name='bubbling1', format=5, channels=1, frequency=48000, lengthbytes=9152, lengthpcm=44625, pcmblocksize=0, loopstart=0, loopend=0, mode=0x00000000, channelmask=0x00000000, channelorder=0, peakvolume=0.944061.
[LOG] SystemI::createSound                     : filename = ../../Emitters/Build/Desktop/Master.bank : mode 02010082
[LOG] SystemI::createSound                     : FMOD_NONBLOCKING specified.  Putting into queue to be opened asynchronously!
[LOG] SystemI::createSound                     : setdata soundi = 0000021454691A48 : node = 00000214E364F1E0
[LOG] SystemI::createSound                     : add node to async list : head = 00000214BF9EC648.  list count = 0
[LOG] SystemI::createSound                     : filename = ../../Emitters/Build/Desktop/Master.bank : mode 02010082
[LOG] SystemI::createSound                     : FMOD_NONBLOCKING specified.  Putting into queue to be opened asynchronously!
[LOG] AsyncThread::threadFunc                  : Starting Asynchronous operation on sound 0000021454691A48
[LOG] SystemI::createSoundInternal             :     Create name='../../Emitters/Build/Desktop/Master.bank', mode=0x02010082
[LOG] SystemI::createSound                     : setdata soundi = 0000021454685EF8 : node = 00000214E36509A0
[LOG] SystemI::createSound                     :     add node to async list : head = 00000214BF9EC648.  list count = 0
[LOG] SystemI::createSoundInternal             :     exinfo->cbsize             = 224
[LOG] SystemI::createSoundInternal             :     exinfo->length             = 2583584
[LOG] SystemI::createSoundInternal             :     exinfo->fileoffset         = 20352
[LOG] SystemI::createSoundInternal             :     exinfo->numsubsounds       = 1
[LOG] SystemI::createSoundInternal             :     exinfo->inclusionlist      = 00000214E364F2F0
[LOG] SystemI::createSoundInternal             :     exinfo->inclusionlistnum   = 1
[LOG] SystemI::createSoundInternal             :     exinfo->suggestedsoundtype = 5
[LOG] SystemI::createSoundInternal             :     exinfo->initialseekpostype = 1
[LOG] SystemI::createSoundInternal             :     Stream 0/1: name='bath-environ_mixdown', format=5, channels=1, frequency=48000, lengthbytes=636192, lengthpcm=3306688, pcmblocksize=0, loopstart=0, loopend=0, mode=0x00000000, channelmask=0x00000000, channelorder=0, peakvolume=0.155743.
[LOG] AsyncThread::threadFunc                  : Finished Asynchronous operation on sound 0000021454691A48
[LOG] AsyncThread::threadFunc                  : Starting Asynchronous operation on sound 0000021454685EF8
[LOG] SystemI::createSoundInternal             :     Create name='../../Emitters/Build/Desktop/Master.bank', mode=0x02010082
[LOG] SystemI::createSoundInternal             :     exinfo->cbsize             = 224
[LOG] SystemI::createSoundInternal             :     exinfo->length             = 2583584
[LOG] SystemI::createSoundInternal             :     exinfo->fileoffset         = 20352
[LOG] SystemI::createSoundInternal             :     exinfo->numsubsounds       = 1
[LOG] SystemI::createSoundInternal             :     exinfo->inclusionlist      = 00000214E3650AB0
[LOG] SystemI::createSoundInternal             :     exinfo->inclusionlistnum   = 1
[LOG] SystemI::createSoundInternal             :     exinfo->suggestedsoundtype = 5
[LOG] SystemI::createSoundInternal             :     exinfo->initialseekpostype = 1
[LOG] SystemI::createSoundInternal             :     Stream 0/1: name='bubblewrap', format=5, channels=2, frequency=48000, lengthbytes=366016, lengthpcm=1536000, pcmblocksize=0, loopstart=0, loopend=0, mode=0x00000000, channelmask=0x00000000, channelorder=0, peakvolume=0.782097.
[LOG] AsyncThread::threadFunc                  : Finished Asynchronous operation on sound 0000021454685EF8
[LOG] SystemI::createSound                     : filename = ../../Emitters/Build/Desktop/Master.bank : mode 02010082
[LOG] SystemI::createSound                     : FMOD_NONBLOCKING specified.  Putting into queue to be opened asynchronously!
[LOG] SystemI::createSound                     : setdata soundi = 0000021454690968 : node = 00000214E3652160
[LOG] SystemI::createSound                     : add node to async list : head = 00000214BF9EC648.  list count = 0
[LOG] AsyncThread::threadFunc                  : Starting Asynchronous operation on sound 0000021454690968
[LOG] SystemI::createSoundInternal             :     Create name='../../Emitters/Build/Desktop/Master.bank', mode=0x02010082
[LOG] SystemI::createSoundInternal             :     exinfo->cbsize             = 224
[LOG] SystemI::createSoundInternal             :     exinfo->length             = 2583584
[LOG] SystemI::createSoundInternal             :     exinfo->fileoffset         = 20352
[LOG] SystemI::createSoundInternal             :     exinfo->numsubsounds       = 1
[LOG] SystemI::createSoundInternal             :     exinfo->inclusionlist      = 00000214E3652270
[LOG] SystemI::createSoundInternal             :     exinfo->inclusionlistnum   = 1
[LOG] SystemI::createSoundInternal             :     exinfo->suggestedsoundtype = 5
[LOG] SystemI::createSoundInternal             :     exinfo->initialseekpostype = 1
[LOG] SystemI::createSoundInternal             :     Stream 0/1: name='bath-environ_mixdown', format=5, channels=1, frequency=48000, lengthbytes=636192, lengthpcm=3306688, pcmblocksize=0, loopstart=0, loopend=0, mode=0x00000000, channelmask=0x00000000, channelorder=0, peakvolume=0.155743.
[LOG] AsyncThread::threadFunc                  : Finished Asynchronous operation on sound 0000021454690968
[LOG] SoundI::release                          : bubblewrap (0000021454685EF8)
[LOG] SoundI::release                          :     bubblewrap (000002142E367FD8)
[LOG] SoundI::release                          :     bubblewrap (00000214336E75A8)
[LOG] SoundI::release                          : bath-environ_mixdown (0000021454691A48)
[LOG] SoundI::release                          :     bath-environ_mixdown (0000021423748188)
[LOG] SoundI::release                          :     bath-environ_mixdown (00000214336E8328)
[LOG] SystemI::createSound                     : filename = ../../Emitters/Build/Desktop/Master.bank : mode 02010082
[LOG] SystemI::createSound                     : FMOD_NONBLOCKING specified.  Putting into queue to be opened asynchronously!
[LOG] SystemI::createSound                     : setdata soundi = 0000021454691A48 : node = 00000214E36514E0
[LOG] SystemI::createSound                     : add node to async list : head = 00000214BF9EC648.  list count = 0
[LOG] AsyncThread::threadFunc                  : Starting Asynchronous operation on sound 0000021454691A48
[LOG] SystemI::createSoundInternal             :     Create name='../../Emitters/Build/Desktop/Master.bank', mode=0x02010082
[LOG] SystemI::createSoundInternal             :     exinfo->cbsize             = 224
[LOG] SystemI::createSoundInternal             :     exinfo->length             = 2583584
[LOG] SystemI::createSoundInternal             :     exinfo->fileoffset         = 20352
[LOG] SystemI::createSoundInternal             :     exinfo->numsubsounds       = 1
[LOG] SystemI::createSoundInternal             :     exinfo->inclusionlist      = 00000214E36515F0
[LOG] SystemI::createSoundInternal             :     exinfo->inclusionlistnum   = 1
[LOG] SystemI::createSoundInternal             :     exinfo->suggestedsoundtype = 5
[LOG] SystemI::createSoundInternal             :     exinfo->initialseekpostype = 1
[LOG] SystemI::createSound                     :     filename = ../../Emitters/Build/Desktop/Master.bank : mode 02010082
[LOG] SystemI::createSound                     :     FMOD_NONBLOCKING specified.  Putting into queue to be opened asynchronously!
[LOG] SystemI::createSound                     :     setdata soundi = 00000214546902A8 : node = 00000214E364F820
[LOG] SystemI::createSound                     :     add node to async list : head = 00000214BF9EC648.  list count = 0
[LOG] SystemI::createSound                     :     filename = ../../Emitters/Build/Desktop/Master.bank : mode 02010082
[LOG] SystemI::createSound                     :     FMOD_NONBLOCKING specified.  Putting into queue to be opened asynchronously!
[LOG] SystemI::createSound                     :     setdata soundi = 00000214336E75A8 : node = 00000214E364F1E0
[LOG] SystemI::createSound                     :     add node to async list : head = 00000214BF9EC648.  list count = 1
[LOG] SystemI::createSoundInternal             :     Stream 0/1: name='bath-environ_mixdown', format=5, channels=1, frequency=48000, lengthbytes=636192, lengthpcm=3306688, pcmblocksize=0, loopstart=0, loopend=0, mode=0x00000000, channelmask=0x00000000, channelorder=0, peakvolume=0.155743.
[LOG] AsyncThread::threadFunc                  : Finished Asynchronous operation on sound 0000021454691A48
[LOG] AsyncThread::threadFunc                  : Starting Asynchronous operation on sound 00000214546902A8
[LOG] SystemI::createSoundInternal             :     Create name='../../Emitters/Build/Desktop/Master.bank', mode=0x02010082
[LOG] SystemI::createSoundInternal             :     exinfo->cbsize             = 224
[LOG] SystemI::createSoundInternal             :     exinfo->length             = 2583584
[LOG] SystemI::createSoundInternal             :     exinfo->fileoffset         = 20352
[LOG] SystemI::createSoundInternal             :     exinfo->numsubsounds       = 1
[LOG] SystemI::createSoundInternal             :     exinfo->inclusionlist      = 00000214E364F930
[LOG] SystemI::createSoundInternal             :     exinfo->inclusionlistnum   = 1
[LOG] SystemI::createSoundInternal             :     exinfo->suggestedsoundtype = 5
[LOG] SystemI::createSoundInternal             :     exinfo->initialseekpostype = 1
[LOG] SystemI::createSoundInternal             :     Stream 0/1: name='bath-environ_mixdown', format=5, channels=1, frequency=48000, lengthbytes=636192, lengthpcm=3306688, pcmblocksize=0, loopstart=0, loopend=0, mode=0x00000000, channelmask=0x00000000, channelorder=0, peakvolume=0.155743.
[LOG] AsyncThread::threadFunc                  : Finished Asynchronous operation on sound 00000214546902A8
[LOG] AsyncThread::threadFunc                  : Starting Asynchronous operation on sound 00000214336E75A8
[LOG] SystemI::createSoundInternal             :     Create name='../../Emitters/Build/Desktop/Master.bank', mode=0x02010082
[LOG] SystemI::createSoundInternal             :     exinfo->cbsize             = 224
[LOG] SystemI::createSoundInternal             :     exinfo->length             = 2583584
[LOG] SystemI::createSoundInternal             :     exinfo->fileoffset         = 20352
[LOG] SystemI::createSoundInternal             :     exinfo->numsubsounds       = 1
[LOG] SystemI::createSoundInternal             :     exinfo->inclusionlist      = 00000214E364F2F0
[LOG] SystemI::createSoundInternal             :     exinfo->inclusionlistnum   = 1
[LOG] SystemI::createSoundInternal             :     exinfo->suggestedsoundtype = 5
[LOG] SystemI::createSoundInternal             :     exinfo->initialseekpostype = 1
[LOG] SystemI::createSoundInternal             :     Stream 0/1: name='bubblewrap', format=5, channels=2, frequency=48000, lengthbytes=366016, lengthpcm=1536000, pcmblocksize=0, loopstart=0, loopend=0, mode=0x00000000, channelmask=0x00000000, channelorder=0, peakvolume=0.782097.
[LOG] AsyncThread::threadFunc                  : Finished Asynchronous operation on sound 00000214336E75A8
[LOG] SoundI::release                          : bath-environ_mixdown (0000021454691A48)
[LOG] SoundI::release                          :     bath-environ_mixdown (000002142E369358)
[LOG] SoundI::release                          :     bath-environ_mixdown (00000214336E8328)
[LOG] SoundI::release                          : street-loop (000002142374DAB8)
[LOG] SoundI::release                          :     street-loop (000002142E8466F8)
[LOG] SoundI::release                          :     street-loop (000002142374C318)
[LOG] SoundI::release                          : bath-environ_mixdown (0000021454690968)
[LOG] SoundI::release                          :     bath-environ_mixdown (000002142E367AF8)
[LOG] SoundI::release                          :     bath-environ_mixdown (000002145486C008)
[LOG] SystemI::createSound                     : filename = ../../Emitters/Build/Desktop/Master.bank : mode 02010082
[LOG] SystemI::createSound                     : FMOD_NONBLOCKING specified.  Putting into queue to be opened asynchronously!
[LOG] SystemI::createSound                     : setdata soundi = 0000021454691A48 : node = 000002142EA92BE0
[LOG] SystemI::createSound                     : add node to async list : head = 00000214BF9EC648.  list count = 0
[LOG] AsyncThread::threadFunc                  : Starting Asynchronous operation on sound 0000021454691A48
[LOG] SystemI::createSoundInternal             :     Create name='../../Emitters/Build/Desktop/Master.bank', mode=0x02010082
[LOG] SystemI::createSoundInternal             :     exinfo->cbsize             = 224
[LOG] SystemI::createSoundInternal             :     exinfo->length             = 2583584
[LOG] SystemI::createSoundInternal             :     exinfo->fileoffset         = 20352
[LOG] SystemI::createSound                     :     filename = ../../Emitters/Build/Desktop/Master.bank : mode 02010082
[LOG] SystemI::createSound                     :     FMOD_NONBLOCKING specified.  Putting into queue to be opened asynchronously!
[LOG] SystemI::createSound                     :     setdata soundi = 0000021454690968 : node = 000002142EA921E0
[LOG] SystemI::createSound                     :     add node to async list : head = 00000214BF9EC648.  list count = 0
[LOG] SystemI::createSoundInternal             :     exinfo->numsubsounds       = 1
[LOG] SystemI::createSound                     :     filename = ../../Emitters/Build/Desktop/Master.bank : mode 02010082
[LOG] SystemI::createSoundInternal             :     exinfo->inclusionlist      = 000002142EA92CF0
[LOG] SystemI::createSound                     :     FMOD_NONBLOCKING specified.  Putting into queue to be opened asynchronously!
[LOG] SystemI::createSoundInternal             :     exinfo->inclusionlistnum   = 1
[LOG] SystemI::createSound                     :     setdata soundi = 000002142374C318 : node = 000002142EA92E60
[LOG] SystemI::createSound                     :     add node to async list : head = 00000214BF9EC648.  list count = 1
[LOG] SystemI::createSoundInternal             :     exinfo->suggestedsoundtype = 5
[LOG] SystemI::createSoundInternal             :     exinfo->initialseekpostype = 1
[LOG] SystemI::createSoundInternal             :     Stream 0/1: name='bath-environ_mixdown', format=5, channels=1, frequency=48000, lengthbytes=636192, lengthpcm=3306688, pcmblocksize=0, loopstart=0, loopend=0, mode=0x00000000, channelmask=0x00000000, channelorder=0, peakvolume=0.155743.
[LOG] AsyncThread::threadFunc                  : Finished Asynchronous operation on sound 0000021454691A48
[LOG] AsyncThread::threadFunc                  : Starting Asynchronous operation on sound 0000021454690968
[LOG] SystemI::createSoundInternal             :     Create name='../../Emitters/Build/Desktop/Master.bank', mode=0x02010082
[LOG] SystemI::createSoundInternal             :     exinfo->cbsize             = 224
[LOG] SystemI::createSoundInternal             :     exinfo->length             = 2583584
[LOG] SystemI::createSoundInternal             :     exinfo->fileoffset         = 20352
[LOG] SystemI::createSoundInternal             :     exinfo->numsubsounds       = 1
[LOG] SystemI::createSoundInternal             :     exinfo->inclusionlist      = 000002142EA922F0
[LOG] SystemI::createSoundInternal             :     exinfo->inclusionlistnum   = 1
[LOG] SystemI::createSoundInternal             :     exinfo->suggestedsoundtype = 5
[LOG] SystemI::createSoundInternal             :     exinfo->initialseekpostype = 1
[LOG] SystemI::createSoundInternal             :     Stream 0/1: name='bath-environ_mixdown', format=5, channels=1, frequency=48000, lengthbytes=636192, lengthpcm=3306688, pcmblocksize=0, loopstart=0, loopend=0, mode=0x00000000, channelmask=0x00000000, channelorder=0, peakvolume=0.155743.
[LOG] AsyncThread::threadFunc                  : Finished Asynchronous operation on sound 0000021454690968
[LOG] AsyncThread::threadFunc                  : Starting Asynchronous operation on sound 000002142374C318
[LOG] SystemI::createSoundInternal             :     Create name='../../Emitters/Build/Desktop/Master.bank', mode=0x02010082
[LOG] SystemI::createSoundInternal             :     exinfo->cbsize             = 224
[LOG] SystemI::createSoundInternal             :     exinfo->length             = 2583584
[LOG] SystemI::createSoundInternal             :     exinfo->fileoffset         = 20352
[LOG] SystemI::createSoundInternal             :     exinfo->numsubsounds       = 1
[LOG] SystemI::createSoundInternal             :     exinfo->inclusionlist      = 000002142EA92F70
[LOG] SystemI::createSoundInternal             :     exinfo->inclusionlistnum   = 1
[LOG] SystemI::createSoundInternal             :     exinfo->suggestedsoundtype = 5
[LOG] SystemI::createSoundInternal             :     exinfo->initialseekpostype = 1
[LOG] SystemI::createSoundInternal             :     Stream 0/1: name='bubblewrap', format=5, channels=2, frequency=48000, lengthbytes=366016, lengthpcm=1536000, pcmblocksize=0, loopstart=0, loopend=0, mode=0x00000000, channelmask=0x00000000, channelorder=0, peakvolume=0.782097.
[LOG] AsyncThread::threadFunc                  : Finished Asynchronous operation on sound 000002142374C318
[LOG] SoundI::release                          : bath-environ_mixdown (0000021454691A48)
[LOG] SoundI::release                          :     bath-environ_mixdown (000002142E366C58)
[LOG] SoundI::release                          :     bath-environ_mixdown (000002142374D908)
[LOG] SoundI::release                          : bubblewrap (00000214336E75A8)
[LOG] SoundI::release                          :     bubblewrap (000002142E366AB8)
[LOG] SoundI::release                          :     bubblewrap (000002145459C4B8)
[LOG] SoundI::release                          : bath-environ_mixdown (00000214546902A8)
[LOG] SoundI::release                          :     bath-environ_mixdown (000002142E369698)
[LOG] SoundI::release                          :     bath-environ_mixdown (00000214B8D72038)
[LOG] SystemI::createSoundInternal             : Create name='', mode=0x02000202
[LOG] SystemI::createSoundInternal             : exinfo->cbsize             = 224
[LOG] SystemI::createSoundInternal             : exinfo->length             = 2583584
[LOG] SystemI::createSoundInternal             : exinfo->fileoffset         = 20352
[LOG] SystemI::createSoundInternal             : exinfo->numsubsounds       = 1
[LOG] SystemI::createSoundInternal             : exinfo->inclusionlist      = 0000005E0F12EFF8
[LOG] SystemI::createSoundInternal             : exinfo->inclusionlistnum   = 1
[LOG] SystemI::createSoundInternal             : exinfo->suggestedsoundtype = 5
[LOG] SystemI::createSoundInternal             : exinfo->useropen           = 00007FFBD5D160E0
[LOG] SystemI::createSoundInternal             : exinfo->userclose          = 00007FFBD5D160B0
[LOG] SystemI::createSoundInternal             : exinfo->userread           = 00007FFBD5D161B0
[LOG] SystemI::createSoundInternal             : exinfo->userseek           = 00007FFBD5D16270
[LOG] SystemI::createSoundInternal             : exinfo->fileuserdata       = 000002142A142AC8
[LOG] SystemI::createSoundInternal             : exinfo->initialseekpostype = 1
[LOG] SystemI::DSPCodecPoolRegister            : register codec pool for pool type 5
[LOG] SystemI::createSoundInternal             : Sample 0/1: name='barriersplash', format=5, channels=1, frequency=48000, lengthbytes=16000, lengthpcm=88821, pcmblocksize=0, loopstart=0, loopend=0, mode=0x00000000, channelmask=0x00000000, channelorder=0, peakvolume=0.944061.
[LOG] SystemI::createSound                     : filename = ../../Emitters/Build/Desktop/Master.bank : mode 02010082
[LOG] SystemI::createSound                     : FMOD_NONBLOCKING specified.  Putting into queue to be opened asynchronously!
[LOG] SystemI::createSound                     : setdata soundi = 00000214546902A8 : node = 00000214E3651EE0
[LOG] SystemI::createSound                     : add node to async list : head = 00000214BF9EC648.  list count = 0
[LOG] AsyncThread::threadFunc                  : Starting Asynchronous operation on sound 00000214546902A8
[LOG] SystemI::createSoundInternal             :     Create name='../../Emitters/Build/Desktop/Master.bank', mode=0x02010082
[LOG] SystemI::createSoundInternal             :     exinfo->cbsize             = 224
[LOG] SystemI::createSoundInternal             :     exinfo->length             = 2583584
[LOG] SystemI::createSoundInternal             :     exinfo->fileoffset         = 20352
[LOG] SystemI::createSoundInternal             :     exinfo->numsubsounds       = 1
[LOG] SystemI::createSoundInternal             :     exinfo->inclusionlist      = 00000214E3651FF0
[LOG] SystemI::createSoundInternal             :     exinfo->inclusionlistnum   = 1
[LOG] SystemI::createSoundInternal             :     exinfo->suggestedsoundtype = 5
[LOG] SystemI::createSoundInternal             :     exinfo->initialseekpostype = 1
[LOG] SystemI::createSoundInternal             :     Stream 0/1: name='bubblewrap', format=5, channels=2, frequency=48000, lengthbytes=366016, lengthpcm=1536000, pcmblocksize=0, loopstart=0, loopend=0, mode=0x00000000, channelmask=0x00000000, channelorder=0, peakvolume=0.782097.
[LOG] AsyncThread::threadFunc                  : Finished Asynchronous operation on sound 00000214546902A8
[LOG] SystemI::createSound                     : filename = ../../Emitters/Build/Desktop/Master.bank : mode 02010082
[LOG] SystemI::createSound                     : FMOD_NONBLOCKING specified.  Putting into queue to be opened asynchronously!
[LOG] SystemI::createSound                     : setdata soundi = 000002142374D908 : node = 00000214C01F5330
[LOG] SystemI::createSound                     : add node to async list : head = 00000214BF9EC648.  list count = 0
[LOG] AsyncThread::threadFunc                  : Starting Asynchronous operation on sound 000002142374D908
[LOG] SystemI::createSoundInternal             :     Create name='../../Emitters/Build/Desktop/Master.bank', mode=0x02010082
[LOG] SystemI::createSoundInternal             :     exinfo->cbsize             = 224
[LOG] SystemI::createSoundInternal             :     exinfo->length             = 2583584
[LOG] SystemI::createSoundInternal             :     exinfo->fileoffset         = 20352
[LOG] SystemI::createSoundInternal             :     exinfo->numsubsounds       = 1
[LOG] SystemI::createSoundInternal             :     exinfo->inclusionlist      = 00000214C01F5440
[LOG] SystemI::createSoundInternal             :     exinfo->inclusionlistnum   = 1
[LOG] SystemI::createSoundInternal             :     exinfo->suggestedsoundtype = 5
[LOG] SystemI::createSoundInternal             :     exinfo->initialseekpostype = 1
[LOG] SystemI::createSoundInternal             :     Stream 0/1: name='bubblewrap', format=5, channels=2, frequency=48000, lengthbytes=366016, lengthpcm=1536000, pcmblocksize=0, loopstart=0, loopend=0, mode=0x00000000, channelmask=0x00000000, channelorder=0, peakvolume=0.782097.
[LOG] AsyncThread::threadFunc                  : Finished Asynchronous operation on sound 000002142374D908
[LOG] SoundI::release                          : bubblewrap (000002142374C318)
[LOG] SoundI::release                          :     bubblewrap (000002142E367478)
[LOG] SoundI::release                          :     bubblewrap (000002145486C008)
[LOG] SystemI::createSoundInternal             : Create name='', mode=0x02000202
[LOG] SystemI::createSoundInternal             : exinfo->cbsize             = 224
[LOG] SystemI::createSoundInternal             : exinfo->length             = 2583584
[LOG] SystemI::createSoundInternal             : exinfo->fileoffset         = 20352
[LOG] SystemI::createSoundInternal             : exinfo->numsubsounds       = 1
[LOG] SystemI::createSoundInternal             : exinfo->inclusionlist      = 0000005E0F12EFF8
[LOG] SystemI::createSoundInternal             : exinfo->inclusionlistnum   = 1
[LOG] SystemI::createSoundInternal             : exinfo->suggestedsoundtype = 5
[LOG] SystemI::createSoundInternal             : exinfo->useropen           = 00007FFBD5D160E0
[LOG] SystemI::createSoundInternal             : exinfo->userclose          = 00007FFBD5D160B0
[LOG] SystemI::createSoundInternal             : exinfo->userread           = 00007FFBD5D161B0
[LOG] SystemI::createSoundInternal             : exinfo->userseek           = 00007FFBD5D16270
[LOG] SystemI::createSoundInternal             : exinfo->fileuserdata       = 000002145447DB68
[LOG] SystemI::createSoundInternal             : exinfo->initialseekpostype = 1
[LOG] SystemI::DSPCodecPoolRegister            : register codec pool for pool type 5
[LOG] SystemI::createSoundInternal             : Sample 0/1: name='rocksplash1', format=5, channels=1, frequency=48000, lengthbytes=15200, lengthpcm=64881, pcmblocksize=0, loopstart=0, loopend=0, mode=0x00000000, channelmask=0x00000000, channelorder=0, peakvolume=0.944061.
[LOG] SystemI::createSoundInternal             : Create name='', mode=0x02000202
[LOG] SystemI::createSoundInternal             : exinfo->cbsize             = 224
[LOG] SystemI::createSoundInternal             : exinfo->length             = 2583584
[LOG] SystemI::createSoundInternal             : exinfo->fileoffset         = 20352
[LOG] SystemI::createSoundInternal             : exinfo->numsubsounds       = 1
[LOG] SystemI::createSoundInternal             : exinfo->inclusionlist      = 0000005E0F12EFF8
[LOG] SystemI::createSoundInternal             : exinfo->inclusionlistnum   = 1
[LOG] SystemI::createSoundInternal             : exinfo->suggestedsoundtype = 5
[LOG] SystemI::createSoundInternal             : exinfo->useropen           = 00007FFBD5D160E0
[LOG] SystemI::createSoundInternal             : exinfo->userclose          = 00007FFBD5D160B0
[LOG] SystemI::createSoundInternal             : exinfo->userread           = 00007FFBD5D161B0
[LOG] SystemI::createSoundInternal             : exinfo->userseek           = 00007FFBD5D16270
[LOG] SystemI::createSoundInternal             : exinfo->fileuserdata       = 000002145447DB68
[LOG] SystemI::createSoundInternal             : exinfo->initialseekpostype = 1
[LOG] SystemI::DSPCodecPoolRegister            : register codec pool for pool type 5
[LOG] SystemI::createSoundInternal             : Sample 0/1: name='bubble-hit_mixdown', format=5, channels=1, frequency=48000, lengthbytes=7680, lengthpcm=42584, pcmblocksize=0, loopstart=0, loopend=0, mode=0x00000000, channelmask=0x00000000, channelorder=0, peakvolume=1.011580.
[LOG] SystemI::createSoundInternal             : Create name='', mode=0x02000202
[LOG] SystemI::createSoundInternal             : exinfo->cbsize             = 224
[LOG] SystemI::createSoundInternal             : exinfo->length             = 2583584
[LOG] SystemI::createSoundInternal             : exinfo->fileoffset         = 20352
[LOG] SystemI::createSoundInternal             : exinfo->numsubsounds       = 1
[LOG] SystemI::createSoundInternal             : exinfo->inclusionlist      = 0000005E0F12EFF8
[LOG] SystemI::createSoundInternal             : exinfo->inclusionlistnum   = 1
[LOG] SystemI::createSoundInternal             : exinfo->suggestedsoundtype = 5
[LOG] SystemI::createSoundInternal             : exinfo->useropen           = 00007FFBD5D160E0
[LOG] SystemI::createSoundInternal             : exinfo->userclose          = 00007FFBD5D160B0
[LOG] SystemI::createSoundInternal             : exinfo->userread           = 00007FFBD5D161B0
[LOG] SystemI::createSoundInternal             : exinfo->userseek           = 00007FFBD5D16270
[LOG] SystemI::createSoundInternal             : exinfo->fileuserdata       = 000002145447DB68
[LOG] SystemI::createSoundInternal             : exinfo->initialseekpostype = 1
[LOG] SystemI::DSPCodecPoolRegister            : register codec pool for pool type 5
[LOG] SystemI::createSoundInternal             : Sample 0/1: name='rocksplash2', format=5, channels=1, frequency=48000, lengthbytes=8896, lengthpcm=43488, pcmblocksize=0, loopstart=0, loopend=0, mode=0x00000000, channelmask=0x00000000, channelorder=0, peakvolume=0.944061.
[LOG] SystemI::createSound                     : filename = ../../Emitters/Build/Desktop/Master.bank : mode 02010082
[LOG] SystemI::createSound                     : FMOD_NONBLOCKING specified.  Putting into queue to be opened asynchronously!
[LOG] SystemI::createSound                     : setdata soundi = 00000213DF286118 : node = 000002143358B280
[LOG] SystemI::createSound                     : add node to async list : head = 00000214BF9EC648.  list count = 0
[LOG] AsyncThread::threadFunc                  : Starting Asynchronous operation on sound 00000213DF286118
[LOG] SystemI::createSoundInternal             :     Create name='../../Emitters/Build/Desktop/Master.bank', mode=0x02010082
[LOG] SystemI::createSoundInternal             :     exinfo->cbsize             = 224
[LOG] SystemI::createSoundInternal             :     exinfo->length             = 2583584
[LOG] SystemI::createSoundInternal             :     exinfo->fileoffset         = 20352
[LOG] SystemI::createSoundInternal             :     exinfo->numsubsounds       = 1
[LOG] SystemI::createSoundInternal             :     exinfo->inclusionlist      = 000002143358B390
[LOG] SystemI::createSoundInternal             :     exinfo->inclusionlistnum   = 1
[LOG] SystemI::createSoundInternal             :     exinfo->suggestedsoundtype = 5
[LOG] SystemI::createSoundInternal             :     exinfo->initialseekpostype = 1
[LOG] SystemI::createSoundInternal             :     Stream 0/1: name='bubblewrap', format=5, channels=2, frequency=48000, lengthbytes=366016, lengthpcm=1536000, pcmblocksize=0, loopstart=0, loopend=0, mode=0x00000000, channelmask=0x00000000, channelorder=0, peakvolume=0.782097.
[LOG] AsyncThread::threadFunc                  : Finished Asynchronous operation on sound 00000213DF286118
[LOG] SoundI::release                          : bubblewrap (00000214546902A8)
[LOG] SoundI::release                          :     bubblewrap (000002142E369698)
[LOG] SoundI::release                          :     bubblewrap (00000214336E75A8)
[LOG] SystemI::createSound                     : filename = ../../Emitters/Build/Desktop/Master.bank : mode 02010082
[LOG] SystemI::createSound                     : FMOD_NONBLOCKING specified.  Putting into queue to be opened asynchronously!
[LOG] SystemI::createSound                     : setdata soundi = 00000214546902A8 : node = 00000214E364F5A0
[LOG] SystemI::createSound                     : add node to async list : head = 00000214BF9EC648.  list count = 0
[LOG] AsyncThread::threadFunc                  : Starting Asynchronous operation on sound 00000214546902A8
[LOG] SystemI::createSoundInternal             :     Create name='../../Emitters/Build/Desktop/Master.bank', mode=0x02010082
[LOG] SystemI::createSoundInternal             :     exinfo->cbsize             = 224
[LOG] SystemI::createSoundInternal             :     exinfo->length             = 2583584
[LOG] SystemI::createSoundInternal             :     exinfo->fileoffset         = 20352
[LOG] SystemI::createSoundInternal             :     exinfo->numsubsounds       = 1
[LOG] SystemI::createSoundInternal             :     exinfo->inclusionlist      = 00000214E364F6B0
[LOG] SystemI::createSoundInternal             :     exinfo->inclusionlistnum   = 1
[LOG] SystemI::createSoundInternal             :     exinfo->suggestedsoundtype = 5
[LOG] SystemI::createSoundInternal             :     exinfo->initialseekpostype = 1
[LOG] SystemI::createSoundInternal             :     Stream 0/1: name='bubblewrap', format=5, channels=2, frequency=48000, lengthbytes=366016, lengthpcm=1536000, pcmblocksize=0, loopstart=0, loopend=0, mode=0x00000000, channelmask=0x00000000, channelorder=0, peakvolume=0.782097.
[LOG] AsyncThread::threadFunc                  : Finished Asynchronous operation on sound 00000214546902A8
[LOG] SoundI::release                          : bubblewrap (000002142374D908)
[LOG] SoundI::release                          :     bubblewrap (000002142E367958)
[LOG] SoundI::release                          :     bubblewrap (000002145459C4B8)
[LOG] SystemI::createSound                     : filename = ../../Emitters/Build/Desktop/Master.bank : mode 02010082
[LOG] SystemI::createSound                     : FMOD_NONBLOCKING specified.  Putting into queue to be opened asynchronously!
[LOG] SystemI::createSound                     : setdata soundi = 000002142374C318 : node = 000002142EA92BE0
[LOG] SystemI::createSound                     : add node to async list : head = 00000214BF9EC648.  list count = 0
[LOG] AsyncThread::threadFunc                  : Starting Asynchronous operation on sound 000002142374C318
[LOG] SystemI::createSoundInternal             :     Create name='../../Emitters/Build/Desktop/Master.bank', mode=0x02010082
[LOG] SystemI::createSoundInternal             :     exinfo->cbsize             = 224
[LOG] SystemI::createSoundInternal             :     exinfo->length             = 2583584
[LOG] SystemI::createSoundInternal             :     exinfo->fileoffset         = 20352
[LOG] SystemI::createSoundInternal             :     exinfo->numsubsounds       = 1
[LOG] SystemI::createSoundInternal             :     exinfo->inclusionlist      = 000002142EA92CF0
[LOG] SystemI::createSoundInternal             :     exinfo->inclusionlistnum   = 1
[LOG] SystemI::createSoundInternal             :     exinfo->suggestedsoundtype = 5
[LOG] SystemI::createSoundInternal             :     exinfo->initialseekpostype = 1
[LOG] SystemI::createSoundInternal             :     Stream 0/1: name='bath-environ_mixdown', format=5, channels=1, frequency=48000, lengthbytes=636192, lengthpcm=3306688, pcmblocksize=0, loopstart=0, loopend=0, mode=0x00000000, channelmask=0x00000000, channelorder=0, peakvolume=0.155743.
[LOG] AsyncThread::threadFunc                  : Finished Asynchronous operation on sound 000002142374C318
[LOG] SoundI::release                          : bubblewrap (00000214546902A8)
[LOG] SoundI::release                          :     bubblewrap (000002142E3684B8)
[LOG] SoundI::release                          :     bubblewrap (0000021454685EF8)
[LOG] SoundI::release                          : bubblewrap (00000213DF286118)
[LOG] SoundI::release                          :     bubblewrap (000002142E366F98)
[LOG] SoundI::release                          :     bubblewrap (00000214B8D72038)
[LOG] SoundI::release                          : bath-environ_mixdown (000002142374C318)
[LOG] SoundI::release                          :     bath-environ_mixdown (000002142E3694F8)
[LOG] SoundI::release                          :     bath-environ_mixdown (000002145486A1A8)
[LOG] SoundI::release                          : bath-environ_mixdown (0000021454690968)
[LOG] SoundI::release                          :     bath-environ_mixdown (000002142E367138)
[LOG] SoundI::release                          :     bath-environ_mixdown (000002142374DAB8)
[LOG] SoundI::release                          :  (000002142E5C38A8)
[LOG] SoundI::release                          :     carhonk1 (0000021432AF5278)
[LOG] SoundI::release                          :  (000002142E5C4428)
[LOG] SoundI::release                          :     taximan (0000021432AF58F8)
[LOG] SoundI::release                          :  (000002142E5C3FD8)
[LOG] SoundI::release                          :     pigeoncall (0000021432AF5418)
[LOG] SoundI::release                          :  (000002142E5C42B8)
[LOG] SoundI::release                          :     pigeonflight (0000021432AF5A98)
[LOG] SoundI::release                          :  (000002142FE5B0B8)
[LOG] SoundI::release                          :     bubbling1 (000002143317DB18)
[LOG] SoundI::release                          :  (000002142FE5AF48)
[LOG] SoundI::release                          :     bubbling2 (000002142E846BD8)
[LOG] SoundI::release                          :  (00000214547AEED8)
[LOG] SoundI::release                          :     barriersplash (000002142E366918)
[LOG] SoundI::release                          :  (000002142E5C4598)
[LOG] SoundI::release                          :     Crate-hit_mixdown (000002143317D158)
[LOG] SoundI::release                          :  (000002142E5C3B88)
[LOG] SoundI::release                          :     wood-debris1 (0000021433180BD8)
[LOG] SoundI::release                          :  (000002142E5C3CF8)
[LOG] SoundI::release                          :     wood-debrsi2 (000002142EB80AD8)
[LOG] SoundI::release                          :  (00000214547AEA88)
[LOG] SoundI::release                          :     rattle (000002142EB81978)
[LOG] SoundI::release                          :  (00000214547AED68)
[LOG] SoundI::release                          :     G421_SnapHit (000002142EB80C78)
[LOG] SoundI::release                          :  (0000021433647BD8)
[LOG] SoundI::release                          :     bubble-hit_mixdown (000002142E3691B8)
[LOG] SoundI::release                          :  (0000021433647788)
[LOG] SoundI::release                          :     rocksplash1 (000002142E3665D8)
[LOG] SoundI::release                          :  (00000214336478F8)
[LOG] SoundI::release                          :     rocksplash2 (000002142E369358)
[LOG] Thread::callback                         : FMOD Studio update thread finished.
[LOG] Thread::callback                         : FMOD Studio bank load thread finished.
[LOG] Profile::disconnectAll                   : Profiler disconnecting all clients
[LOG] Thread::callback                         : FMOD Studio sample load thread finished.
[LOG] LiveUpdate::release                      : 
[LOG] LiveUpdate::reset                        : Reset connection (reason Disconnected)
[LOG] Thread::callback                         : FMOD stream thread finished.
[LOG] Thread::callback                         : FMOD mixer thread finished.
[LOG] Profile::disconnectAll                   : Profiler disconnecting all clients
[LOG] SystemI::close                           : Closed.
